  SerializeBuffer.cpp
SerializeBuffer.cpp(55): warning C4244: '초기화 중': '__int64'에서 'int'(으)로 변환하면서 데이터가 손실될 수 있습니다.
SerializeBuffer.cpp(65): warning C4244: '초기화 중': '__int64'에서 'int'(으)로 변환하면서 데이터가 손실될 수 있습니다.
SerializeBuffer.cpp(78): warning C4244: '초기화 중': '__int64'에서 'int'(으)로 변환하면서 데이터가 손실될 수 있습니다.
SerializeBuffer.cpp(90): warning C4244: '초기화 중': '__int64'에서 'int'(으)로 변환하면서 데이터가 손실될 수 있습니다.
SerializeBuffer.cpp(105): warning C4244: '초기화 중': '__int64'에서 'int'(으)로 변환하면서 데이터가 손실될 수 있습니다.
SerializeBuffer.cpp(126): warning C4244: '초기화 중': '__int64'에서 'int'(으)로 변환하면서 데이터가 손실될 수 있습니다.
SerializeBuffer.cpp(129): warning C4244: '초기화 중': '__int64'에서 'int'(으)로 변환하면서 데이터가 손실될 수 있습니다.
  Server.cpp
Server.cpp(39): warning C4477: 'wprintf' : 서식 문자열 '%d'에 'int' 형식의 인수가 필요하지만 variadic 인수 1의 형식이 'UINT64'입니다.
  Server.cpp(39): note: 서식 문자열에서 '%lld'을(를) 사용하는 것이 좋습니다.
  Server.cpp(39): note: 서식 문자열에서 '%Id'을(를) 사용하는 것이 좋습니다.
  Server.cpp(39): note: 서식 문자열에서 '%I64d'을(를) 사용하는 것이 좋습니다.
Server.cpp(302): warning C4477: 'wprintf' : 서식 문자열 '%d'에 'int' 형식의 인수가 필요하지만 variadic 인수 3의 형식이 'const UINT64'입니다.
  Server.cpp(302): note: 서식 문자열에서 '%lld'을(를) 사용하는 것이 좋습니다.
  Server.cpp(302): note: 서식 문자열에서 '%Id'을(를) 사용하는 것이 좋습니다.
  Server.cpp(302): note: 서식 문자열에서 '%I64d'을(를) 사용하는 것이 좋습니다.
Server.cpp(302): warning C4477: 'wprintf' : 서식 문자열 '%d'에 'int' 형식의 인수가 필요하지만 variadic 인수 4의 형식이 'SOCKET'입니다.
  Server.cpp(302): note: 서식 문자열에서 '%lld'을(를) 사용하는 것이 좋습니다.
  Server.cpp(302): note: 서식 문자열에서 '%Id'을(를) 사용하는 것이 좋습니다.
  Server.cpp(302): note: 서식 문자열에서 '%I64d'을(를) 사용하는 것이 좋습니다.
Server.cpp(323): warning C4309: '인수': 상수 값이 잘립니다.
Server.cpp(358): warning C4309: '인수': 상수 값이 잘립니다.
Server.cpp(421): warning C4244: '=': 'UINT64'에서 'DWORD'(으)로 변환하면서 데이터가 손실될 수 있습니다.
Server.cpp(427): warning C4477: 'wprintf' : 서식 문자열 '%d'에 'int' 형식의 인수가 필요하지만 variadic 인수 3의 형식이 'SOCKET'입니다.
  Server.cpp(427): note: 서식 문자열에서 '%lld'을(를) 사용하는 것이 좋습니다.
  Server.cpp(427): note: 서식 문자열에서 '%Id'을(를) 사용하는 것이 좋습니다.
  Server.cpp(427): note: 서식 문자열에서 '%I64d'을(를) 사용하는 것이 좋습니다.
Server.cpp(663): warning C4267: '초기화 중': 'size_t'에서 'UINT'(으)로 변환하면서 데이터가 손실될 수 있습니다.
Server.cpp(717): warning C4267: '=': 'size_t'에서 'WORD'(으)로 변환하면서 데이터가 손실될 수 있습니다.
Server.cpp(757): warning C4267: '=': 'size_t'에서 'WORD'(으)로 변환하면서 데이터가 손실될 수 있습니다.
Server.cpp(803): warning C4267: '=': 'size_t'에서 'WORD'(으)로 변환하면서 데이터가 손실될 수 있습니다.
  코드를 생성하고 있습니다.
  27 of 1090 functions ( 2.5%) were compiled, the rest were copied from previous compilation.
    0 functions were new in current compilation
    4 functions had inline decision re-evaluated but remain unchanged
  코드를 생성했습니다.
  FriendMangementServer.vcxproj -> D:\Workspace\FRIEND~1\x64\Release\FriendMangementServer.exe
